<?xml version="1.0" encoding="UTF-8" ?>
<testsuite tests="16" failures="0" name="com.jov.bdd.RunCukeTestsIT" time="138.423" errors="0" skipped="0">
  <properties>
    <property name="java.runtime.name" value="Java(TM) SE Runtime Environment"/>
    <property name="sun.boot.library.path" value="/Library/Java/JavaVirtualMachines/jdk1.8.0_40.jdk/Contents/Home/jre/lib"/>
    <property name="java.vm.version" value="25.40-b25"/>
    <property name="gopherProxySet" value="false"/>
    <property name="java.vm.vendor" value="Oracle Corporation"/>
    <property name="java.vendor.url" value="http://java.oracle.com/"/>
    <property name="path.separator" value=":"/>
    <property name="java.vm.name" value="Java HotSpot(TM) 64-Bit Server VM"/>
    <property name="file.encoding.pkg" value="sun.io"/>
    <property name="user.country" value="US"/>
    <property name="sun.java.launcher" value="SUN_STANDARD"/>
    <property name="sun.os.patch.level" value="unknown"/>
    <property name="java.vm.specification.name" value="Java Virtual Machine Specification"/>
    <property name="user.dir" value="/Users/jdi07/work/springer"/>
    <property name="java.runtime.version" value="1.8.0_40-b27"/>
    <property name="java.awt.graphicsenv" value="sun.awt.CGraphicsEnvironment"/>
    <property name="basedir" value="/Users/jdi07/work/springer"/>
    <property name="java.endorsed.dirs" value="/Library/Java/JavaVirtualMachines/jdk1.8.0_40.jdk/Contents/Home/jre/lib/endorsed"/>
    <property name="os.arch" value="x86_64"/>
    <property name="surefire.real.class.path" value="/var/folders/c0/9n811xzn7vv8rgkjlqnkc8wxh16n04/T/surefirebooter1068265606089397104.jar"/>
    <property name="java.io.tmpdir" value="/var/folders/c0/9n811xzn7vv8rgkjlqnkc8wxh16n04/T/"/>
    <property name="line.separator" value="
"/>
    <property name="java.vm.specification.vendor" value="Oracle Corporation"/>
    <property name="os.name" value="Mac OS X"/>
    <property name="sun.jnu.encoding" value="UTF-8"/>
    <property name="java.library.path" value="/Users/jdi07/Library/Java/Extensions:/Library/Java/Extensions:/Network/Library/Java/Extensions:/System/Library/Java/Extensions:/usr/lib/java:."/>
    <property name="surefire.test.class.path" value="/Users/jdi07/work/springer/target/test-classes:/Users/jdi07/work/springer/target/classes:/Users/jdi07/.m2/repository/info/cukes/cucumber-junit/1.1.5/cucumber-junit-1.1.5.jar:/Users/jdi07/.m2/repository/info/cukes/cucumber-core/1.1.5/cucumber-core-1.1.5.jar:/Users/jdi07/.m2/repository/info/cukes/cucumber-html/0.2.3/cucumber-html-0.2.3.jar:/Users/jdi07/.m2/repository/info/cukes/cucumber-jvm-deps/1.0.3/cucumber-jvm-deps-1.0.3.jar:/Users/jdi07/.m2/repository/info/cukes/gherkin/2.12.1/gherkin-2.12.1.jar:/Users/jdi07/.m2/repository/info/cukes/cucumber-java/1.1.5/cucumber-java-1.1.5.jar:/Users/jdi07/.m2/repository/junit/junit/4.11/junit-4.11.jar:/Users/jdi07/.m2/repository/org/hamcrest/hamcrest-core/1.3/hamcrest-core-1.3.jar:/Users/jdi07/.m2/repository/org/seleniumhq/selenium/selenium-java/2.52.0/selenium-java-2.52.0.jar:/Users/jdi07/.m2/repository/org/seleniumhq/selenium/selenium-chrome-driver/2.52.0/selenium-chrome-driver-2.52.0.jar:/Users/jdi07/.m2/repository/org/seleniumhq/selenium/selenium-remote-driver/2.52.0/selenium-remote-driver-2.52.0.jar:/Users/jdi07/.m2/repository/cglib/cglib-nodep/2.1_3/cglib-nodep-2.1_3.jar:/Users/jdi07/.m2/repository/org/seleniumhq/selenium/selenium-api/2.52.0/selenium-api-2.52.0.jar:/Users/jdi07/.m2/repository/com/google/guava/guava/19.0/guava-19.0.jar:/Users/jdi07/.m2/repository/org/seleniumhq/selenium/selenium-edge-driver/2.52.0/selenium-edge-driver-2.52.0.jar:/Users/jdi07/.m2/repository/org/apache/commons/commons-exec/1.3/commons-exec-1.3.jar:/Users/jdi07/.m2/repository/org/seleniumhq/selenium/selenium-htmlunit-driver/2.52.0/selenium-htmlunit-driver-2.52.0.jar:/Users/jdi07/.m2/repository/net/sourceforge/htmlunit/htmlunit/2.18/htmlunit-2.18.jar:/Users/jdi07/.m2/repository/xalan/xalan/2.7.2/xalan-2.7.2.jar:/Users/jdi07/.m2/repository/xalan/serializer/2.7.2/serializer-2.7.2.jar:/Users/jdi07/.m2/repository/org/apache/httpcomponents/httpmime/4.5/httpmime-4.5.jar:/Users/jdi07/.m2/repository/commons-codec/commons-codec/1.10/commons-codec-1.10.jar:/Users/jdi07/.m2/repository/net/sourceforge/htmlunit/htmlunit-core-js/2.17/htmlunit-core-js-2.17.jar:/Users/jdi07/.m2/repository/xerces/xercesImpl/2.11.0/xercesImpl-2.11.0.jar:/Users/jdi07/.m2/repository/xml-apis/xml-apis/1.4.01/xml-apis-1.4.01.jar:/Users/jdi07/.m2/repository/net/sourceforge/nekohtml/nekohtml/1.9.22/nekohtml-1.9.22.jar:/Users/jdi07/.m2/repository/net/sourceforge/cssparser/cssparser/0.9.16/cssparser-0.9.16.jar:/Users/jdi07/.m2/repository/org/w3c/css/sac/1.3/sac-1.3.jar:/Users/jdi07/.m2/repository/commons-logging/commons-logging/1.2/commons-logging-1.2.jar:/Users/jdi07/.m2/repository/org/eclipse/jetty/websocket/websocket-client/9.2.12.v20150709/websocket-client-9.2.12.v20150709.jar:/Users/jdi07/.m2/repository/org/eclipse/jetty/jetty-util/9.2.12.v20150709/jetty-util-9.2.12.v20150709.jar:/Users/jdi07/.m2/repository/org/eclipse/jetty/jetty-io/9.2.12.v20150709/jetty-io-9.2.12.v20150709.jar:/Users/jdi07/.m2/repository/org/eclipse/jetty/websocket/websocket-common/9.2.12.v20150709/websocket-common-9.2.12.v20150709.jar:/Users/jdi07/.m2/repository/org/eclipse/jetty/websocket/websocket-api/9.2.12.v20150709/websocket-api-9.2.12.v20150709.jar:/Users/jdi07/.m2/repository/commons-collections/commons-collections/3.2.2/commons-collections-3.2.2.jar:/Users/jdi07/.m2/repository/org/apache/httpcomponents/httpclient/4.5.1/httpclient-4.5.1.jar:/Users/jdi07/.m2/repository/org/apache/httpcomponents/httpcore/4.4.3/httpcore-4.4.3.jar:/Users/jdi07/.m2/repository/org/seleniumhq/selenium/selenium-firefox-driver/2.52.0/selenium-firefox-driver-2.52.0.jar:/Users/jdi07/.m2/repository/org/seleniumhq/selenium/selenium-ie-driver/2.52.0/selenium-ie-driver-2.52.0.jar:/Users/jdi07/.m2/repository/net/java/dev/jna/jna/4.1.0/jna-4.1.0.jar:/Users/jdi07/.m2/repository/net/java/dev/jna/jna-platform/4.1.0/jna-platform-4.1.0.jar:/Users/jdi07/.m2/repository/org/seleniumhq/selenium/selenium-safari-driver/2.52.0/selenium-safari-driver-2.52.0.jar:/Users/jdi07/.m2/repository/org/seleniumhq/selenium/selenium-support/2.52.0/selenium-support-2.52.0.jar:/Users/jdi07/.m2/repository/org/webbitserver/webbit/0.4.14/webbit-0.4.14.jar:/Users/jdi07/.m2/repository/io/netty/netty/3.5.2.Final/netty-3.5.2.Final.jar:/Users/jdi07/.m2/repository/org/seleniumhq/selenium/selenium-leg-rc/2.52.0/selenium-leg-rc-2.52.0.jar:/Users/jdi07/.m2/repository/net/masterthought/cucumber-reporting/1.3.0/cucumber-reporting-1.3.0.jar:/Users/jdi07/.m2/repository/org/apache/logging/log4j/log4j-api/2.5/log4j-api-2.5.jar:/Users/jdi07/.m2/repository/org/apache/logging/log4j/log4j-core/2.5/log4j-core-2.5.jar:/Users/jdi07/.m2/repository/com/google/code/gson/gson/2.5/gson-2.5.jar:/Users/jdi07/.m2/repository/org/apache/velocity/velocity/1.7/velocity-1.7.jar:/Users/jdi07/.m2/repository/commons-lang/commons-lang/2.4/commons-lang-2.4.jar:/Users/jdi07/.m2/repository/velocity-tools/velocity-tools/1.4/velocity-tools-1.4.jar:/Users/jdi07/.m2/repository/joda-time/joda-time/2.9.1/joda-time-2.9.1.jar:/Users/jdi07/.m2/repository/org/apache/commons/commons-lang3/3.4/commons-lang3-3.4.jar:/Users/jdi07/.m2/repository/commons-io/commons-io/2.4/commons-io-2.4.jar:/Users/jdi07/.m2/repository/net/lingala/zip4j/zip4j/1.3.2/zip4j-1.3.2.jar:/Users/jdi07/.m2/repository/org/apache/maven/plugins/maven-gpg-plugin/1.6/maven-gpg-plugin-1.6.jar:/Users/jdi07/.m2/repository/org/apache/maven/maven-plugin-api/2.2.1/maven-plugin-api-2.2.1.jar:/Users/jdi07/.m2/repository/org/apache/maven/maven-project/2.2.1/maven-project-2.2.1.jar:/Users/jdi07/.m2/repository/org/apache/maven/maven-settings/2.2.1/maven-settings-2.2.1.jar:/Users/jdi07/.m2/repository/org/apache/maven/maven-profile/2.2.1/maven-profile-2.2.1.jar:/Users/jdi07/.m2/repository/org/apache/maven/maven-artifact-manager/2.2.1/maven-artifact-manager-2.2.1.jar:/Users/jdi07/.m2/repository/org/apache/maven/wagon/wagon-provider-api/1.0-beta-6/wagon-provider-api-1.0-beta-6.jar:/Users/jdi07/.m2/repository/backport-util-concurrent/backport-util-concurrent/3.1/backport-util-concurrent-3.1.jar:/Users/jdi07/.m2/repository/org/apache/maven/maven-plugin-registry/2.2.1/maven-plugin-registry-2.2.1.jar:/Users/jdi07/.m2/repository/org/codehaus/plexus/plexus-interpolation/1.11/plexus-interpolation-1.11.jar:/Users/jdi07/.m2/repository/org/codehaus/plexus/plexus-container-default/1.0-alpha-9-stable-1/plexus-container-default-1.0-alpha-9-stable-1.jar:/Users/jdi07/.m2/repository/classworlds/classworlds/1.1-alpha-2/classworlds-1.1-alpha-2.jar:/Users/jdi07/.m2/repository/org/apache/maven/maven-artifact/2.2.1/maven-artifact-2.2.1.jar:/Users/jdi07/.m2/repository/org/apache/maven/maven-repository-metadata/2.2.1/maven-repository-metadata-2.2.1.jar:/Users/jdi07/.m2/repository/org/apache/maven/maven-model/2.2.1/maven-model-2.2.1.jar:/Users/jdi07/.m2/repository/org/codehaus/plexus/plexus-utils/3.0.20/plexus-utils-3.0.20.jar:/Users/jdi07/.m2/repository/org/sonatype/plexus/plexus-sec-dispatcher/1.4/plexus-sec-dispatcher-1.4.jar:/Users/jdi07/.m2/repository/org/sonatype/plexus/plexus-cipher/1.4/plexus-cipher-1.4.jar:/Users/jdi07/.m2/repository/org/jsoup/jsoup/1.8.3/jsoup-1.8.3.jar:"/>
    <property name="java.specification.name" value="Java Platform API Specification"/>
    <property name="java.class.version" value="52.0"/>
    <property name="sun.management.compiler" value="HotSpot 64-Bit Tiered Compilers"/>
    <property name="os.version" value="10.10.3"/>
    <property name="user.home" value="/Users/jdi07"/>
    <property name="user.timezone" value="Europe/London"/>
    <property name="java.awt.printerjob" value="sun.lwawt.macosx.CPrinterJob"/>
    <property name="java.specification.version" value="1.8"/>
    <property name="file.encoding" value="UTF-8"/>
    <property name="user.name" value="jdi07"/>
    <property name="java.class.path" value="/Users/jdi07/work/springer/target/test-classes:/Users/jdi07/work/springer/target/classes:/Users/jdi07/.m2/repository/info/cukes/cucumber-junit/1.1.5/cucumber-junit-1.1.5.jar:/Users/jdi07/.m2/repository/info/cukes/cucumber-core/1.1.5/cucumber-core-1.1.5.jar:/Users/jdi07/.m2/repository/info/cukes/cucumber-html/0.2.3/cucumber-html-0.2.3.jar:/Users/jdi07/.m2/repository/info/cukes/cucumber-jvm-deps/1.0.3/cucumber-jvm-deps-1.0.3.jar:/Users/jdi07/.m2/repository/info/cukes/gherkin/2.12.1/gherkin-2.12.1.jar:/Users/jdi07/.m2/repository/info/cukes/cucumber-java/1.1.5/cucumber-java-1.1.5.jar:/Users/jdi07/.m2/repository/junit/junit/4.11/junit-4.11.jar:/Users/jdi07/.m2/repository/org/hamcrest/hamcrest-core/1.3/hamcrest-core-1.3.jar:/Users/jdi07/.m2/repository/org/seleniumhq/selenium/selenium-java/2.52.0/selenium-java-2.52.0.jar:/Users/jdi07/.m2/repository/org/seleniumhq/selenium/selenium-chrome-driver/2.52.0/selenium-chrome-driver-2.52.0.jar:/Users/jdi07/.m2/repository/org/seleniumhq/selenium/selenium-remote-driver/2.52.0/selenium-remote-driver-2.52.0.jar:/Users/jdi07/.m2/repository/cglib/cglib-nodep/2.1_3/cglib-nodep-2.1_3.jar:/Users/jdi07/.m2/repository/org/seleniumhq/selenium/selenium-api/2.52.0/selenium-api-2.52.0.jar:/Users/jdi07/.m2/repository/com/google/guava/guava/19.0/guava-19.0.jar:/Users/jdi07/.m2/repository/org/seleniumhq/selenium/selenium-edge-driver/2.52.0/selenium-edge-driver-2.52.0.jar:/Users/jdi07/.m2/repository/org/apache/commons/commons-exec/1.3/commons-exec-1.3.jar:/Users/jdi07/.m2/repository/org/seleniumhq/selenium/selenium-htmlunit-driver/2.52.0/selenium-htmlunit-driver-2.52.0.jar:/Users/jdi07/.m2/repository/net/sourceforge/htmlunit/htmlunit/2.18/htmlunit-2.18.jar:/Users/jdi07/.m2/repository/xalan/xalan/2.7.2/xalan-2.7.2.jar:/Users/jdi07/.m2/repository/xalan/serializer/2.7.2/serializer-2.7.2.jar:/Users/jdi07/.m2/repository/org/apache/httpcomponents/httpmime/4.5/httpmime-4.5.jar:/Users/jdi07/.m2/repository/commons-codec/commons-codec/1.10/commons-codec-1.10.jar:/Users/jdi07/.m2/repository/net/sourceforge/htmlunit/htmlunit-core-js/2.17/htmlunit-core-js-2.17.jar:/Users/jdi07/.m2/repository/xerces/xercesImpl/2.11.0/xercesImpl-2.11.0.jar:/Users/jdi07/.m2/repository/xml-apis/xml-apis/1.4.01/xml-apis-1.4.01.jar:/Users/jdi07/.m2/repository/net/sourceforge/nekohtml/nekohtml/1.9.22/nekohtml-1.9.22.jar:/Users/jdi07/.m2/repository/net/sourceforge/cssparser/cssparser/0.9.16/cssparser-0.9.16.jar:/Users/jdi07/.m2/repository/org/w3c/css/sac/1.3/sac-1.3.jar:/Users/jdi07/.m2/repository/commons-logging/commons-logging/1.2/commons-logging-1.2.jar:/Users/jdi07/.m2/repository/org/eclipse/jetty/websocket/websocket-client/9.2.12.v20150709/websocket-client-9.2.12.v20150709.jar:/Users/jdi07/.m2/repository/org/eclipse/jetty/jetty-util/9.2.12.v20150709/jetty-util-9.2.12.v20150709.jar:/Users/jdi07/.m2/repository/org/eclipse/jetty/jetty-io/9.2.12.v20150709/jetty-io-9.2.12.v20150709.jar:/Users/jdi07/.m2/repository/org/eclipse/jetty/websocket/websocket-common/9.2.12.v20150709/websocket-common-9.2.12.v20150709.jar:/Users/jdi07/.m2/repository/org/eclipse/jetty/websocket/websocket-api/9.2.12.v20150709/websocket-api-9.2.12.v20150709.jar:/Users/jdi07/.m2/repository/commons-collections/commons-collections/3.2.2/commons-collections-3.2.2.jar:/Users/jdi07/.m2/repository/org/apache/httpcomponents/httpclient/4.5.1/httpclient-4.5.1.jar:/Users/jdi07/.m2/repository/org/apache/httpcomponents/httpcore/4.4.3/httpcore-4.4.3.jar:/Users/jdi07/.m2/repository/org/seleniumhq/selenium/selenium-firefox-driver/2.52.0/selenium-firefox-driver-2.52.0.jar:/Users/jdi07/.m2/repository/org/seleniumhq/selenium/selenium-ie-driver/2.52.0/selenium-ie-driver-2.52.0.jar:/Users/jdi07/.m2/repository/net/java/dev/jna/jna/4.1.0/jna-4.1.0.jar:/Users/jdi07/.m2/repository/net/java/dev/jna/jna-platform/4.1.0/jna-platform-4.1.0.jar:/Users/jdi07/.m2/repository/org/seleniumhq/selenium/selenium-safari-driver/2.52.0/selenium-safari-driver-2.52.0.jar:/Users/jdi07/.m2/repository/org/seleniumhq/selenium/selenium-support/2.52.0/selenium-support-2.52.0.jar:/Users/jdi07/.m2/repository/org/webbitserver/webbit/0.4.14/webbit-0.4.14.jar:/Users/jdi07/.m2/repository/io/netty/netty/3.5.2.Final/netty-3.5.2.Final.jar:/Users/jdi07/.m2/repository/org/seleniumhq/selenium/selenium-leg-rc/2.52.0/selenium-leg-rc-2.52.0.jar:/Users/jdi07/.m2/repository/net/masterthought/cucumber-reporting/1.3.0/cucumber-reporting-1.3.0.jar:/Users/jdi07/.m2/repository/org/apache/logging/log4j/log4j-api/2.5/log4j-api-2.5.jar:/Users/jdi07/.m2/repository/org/apache/logging/log4j/log4j-core/2.5/log4j-core-2.5.jar:/Users/jdi07/.m2/repository/com/google/code/gson/gson/2.5/gson-2.5.jar:/Users/jdi07/.m2/repository/org/apache/velocity/velocity/1.7/velocity-1.7.jar:/Users/jdi07/.m2/repository/commons-lang/commons-lang/2.4/commons-lang-2.4.jar:/Users/jdi07/.m2/repository/velocity-tools/velocity-tools/1.4/velocity-tools-1.4.jar:/Users/jdi07/.m2/repository/joda-time/joda-time/2.9.1/joda-time-2.9.1.jar:/Users/jdi07/.m2/repository/org/apache/commons/commons-lang3/3.4/commons-lang3-3.4.jar:/Users/jdi07/.m2/repository/commons-io/commons-io/2.4/commons-io-2.4.jar:/Users/jdi07/.m2/repository/net/lingala/zip4j/zip4j/1.3.2/zip4j-1.3.2.jar:/Users/jdi07/.m2/repository/org/apache/maven/plugins/maven-gpg-plugin/1.6/maven-gpg-plugin-1.6.jar:/Users/jdi07/.m2/repository/org/apache/maven/maven-plugin-api/2.2.1/maven-plugin-api-2.2.1.jar:/Users/jdi07/.m2/repository/org/apache/maven/maven-project/2.2.1/maven-project-2.2.1.jar:/Users/jdi07/.m2/repository/org/apache/maven/maven-settings/2.2.1/maven-settings-2.2.1.jar:/Users/jdi07/.m2/repository/org/apache/maven/maven-profile/2.2.1/maven-profile-2.2.1.jar:/Users/jdi07/.m2/repository/org/apache/maven/maven-artifact-manager/2.2.1/maven-artifact-manager-2.2.1.jar:/Users/jdi07/.m2/repository/org/apache/maven/wagon/wagon-provider-api/1.0-beta-6/wagon-provider-api-1.0-beta-6.jar:/Users/jdi07/.m2/repository/backport-util-concurrent/backport-util-concurrent/3.1/backport-util-concurrent-3.1.jar:/Users/jdi07/.m2/repository/org/apache/maven/maven-plugin-registry/2.2.1/maven-plugin-registry-2.2.1.jar:/Users/jdi07/.m2/repository/org/codehaus/plexus/plexus-interpolation/1.11/plexus-interpolation-1.11.jar:/Users/jdi07/.m2/repository/org/codehaus/plexus/plexus-container-default/1.0-alpha-9-stable-1/plexus-container-default-1.0-alpha-9-stable-1.jar:/Users/jdi07/.m2/repository/classworlds/classworlds/1.1-alpha-2/classworlds-1.1-alpha-2.jar:/Users/jdi07/.m2/repository/org/apache/maven/maven-artifact/2.2.1/maven-artifact-2.2.1.jar:/Users/jdi07/.m2/repository/org/apache/maven/maven-repository-metadata/2.2.1/maven-repository-metadata-2.2.1.jar:/Users/jdi07/.m2/repository/org/apache/maven/maven-model/2.2.1/maven-model-2.2.1.jar:/Users/jdi07/.m2/repository/org/codehaus/plexus/plexus-utils/3.0.20/plexus-utils-3.0.20.jar:/Users/jdi07/.m2/repository/org/sonatype/plexus/plexus-sec-dispatcher/1.4/plexus-sec-dispatcher-1.4.jar:/Users/jdi07/.m2/repository/org/sonatype/plexus/plexus-cipher/1.4/plexus-cipher-1.4.jar:/Users/jdi07/.m2/repository/org/jsoup/jsoup/1.8.3/jsoup-1.8.3.jar:"/>
    <property name="java.vm.specification.version" value="1.8"/>
    <property name="sun.arch.data.model" value="64"/>
    <property name="java.home" value="/Library/Java/JavaVirtualMachines/jdk1.8.0_40.jdk/Contents/Home/jre"/>
    <property name="sun.java.command" value="/var/folders/c0/9n811xzn7vv8rgkjlqnkc8wxh16n04/T/surefirebooter1068265606089397104.jar /var/folders/c0/9n811xzn7vv8rgkjlqnkc8wxh16n04/T/surefire8680935471452663217tmp /var/folders/c0/9n811xzn7vv8rgkjlqnkc8wxh16n04/T/surefire825857063329723848tmp"/>
    <property name="java.specification.vendor" value="Oracle Corporation"/>
    <property name="user.language" value="en"/>
    <property name="awt.toolkit" value="sun.lwawt.macosx.LWCToolkit"/>
    <property name="java.vm.info" value="mixed mode"/>
    <property name="java.version" value="1.8.0_40"/>
    <property name="java.ext.dirs" value="/Users/jdi07/Library/Java/Extensions:/Library/Java/JavaVirtualMachines/jdk1.8.0_40.jdk/Contents/Home/jre/lib/ext:/Library/Java/Extensions:/Network/Library/Java/Extensions:/System/Library/Java/Extensions:/usr/lib/java"/>
    <property name="sun.boot.class.path" value="/Library/Java/JavaVirtualMachines/jdk1.8.0_40.jdk/Contents/Home/jre/lib/resources.jar:/Library/Java/JavaVirtualMachines/jdk1.8.0_40.jdk/Contents/Home/jre/lib/rt.jar:/Library/Java/JavaVirtualMachines/jdk1.8.0_40.jdk/Contents/Home/jre/lib/sunrsasign.jar:/Library/Java/JavaVirtualMachines/jdk1.8.0_40.jdk/Contents/Home/jre/lib/jsse.jar:/Library/Java/JavaVirtualMachines/jdk1.8.0_40.jdk/Contents/Home/jre/lib/jce.jar:/Library/Java/JavaVirtualMachines/jdk1.8.0_40.jdk/Contents/Home/jre/lib/charsets.jar:/Library/Java/JavaVirtualMachines/jdk1.8.0_40.jdk/Contents/Home/jre/lib/jfr.jar:/Library/Java/JavaVirtualMachines/jdk1.8.0_40.jdk/Contents/Home/jre/classes"/>
    <property name="java.vendor" value="Oracle Corporation"/>
    <property name="localRepository" value="/Users/jdi07/.m2/repository"/>
    <property name="file.separator" value="/"/>
    <property name="java.vendor.url.bug" value="http://bugreport.sun.com/bugreport/"/>
    <property name="sun.cpu.endian" value="little"/>
    <property name="sun.io.unicode.encoding" value="UnicodeBig"/>
    <property name="sun.cpu.isalist" value=""/>
  </properties>
  <testcase classname="| Algebra and Logic |" name="Given I am on the springer link home page" time="0.001"/>
  <testcase classname="| Algebra and Logic |" name="When I search for the item &quot;Algebra and Logic&quot;" time="0"/>
  <testcase classname="| Algebra and Logic |" name="Then the first result returned within the results is &quot;Algebra and Logic&quot;" time="0"/>
  <testcase classname="| Algebra and Logic |" name="| Algebra and Logic |" time="0.002"/>
  <testcase classname="| Medicinal Chemistry Research |" name="Given I am on the springer link home page" time="0"/>
  <testcase classname="| Medicinal Chemistry Research |" name="When I search for the item &quot;Medicinal Chemistry Research&quot;" time="0"/>
  <testcase classname="| Medicinal Chemistry Research |" name="Then the first result returned within the results is &quot;Medicinal Chemistry Research&quot;" time="0"/>
  <testcase classname="| Medicinal Chemistry Research |" name="| Medicinal Chemistry Research |" time="0.002"/>
  <testcase classname="| bookonspringerthatdoesnotexist |" name="Given I am on the springer link home page" time="0"/>
  <testcase classname="| bookonspringerthatdoesnotexist |" name="When I search for the item &quot;bookonspringerthatdoesnotexist&quot;" time="0.001"/>
  <testcase classname="| bookonspringerthatdoesnotexist |" name="Then the no items found page is displayed" time="0"/>
  <testcase classname="| bookonspringerthatdoesnotexist |" name="| bookonspringerthatdoesnotexist |" time="0.002"/>
  <testcase classname="| DSFDFGHHHH |" name="Given I am on the springer link home page" time="0"/>
  <testcase classname="| DSFDFGHHHH |" name="When I search for the item &quot;DSFDFGHHHH&quot;" time="0"/>
  <testcase classname="| DSFDFGHHHH |" name="Then the no items found page is displayed" time="0"/>
  <testcase classname="| DSFDFGHHHH |" name="| DSFDFGHHHH |" time="0.001"/>
</testsuite>